(1588010990.830765) vcan0 00000285#1068106800000000
(1588010990.871528) vcan0 00000285#1068106800000000
(1588010990.900702) vcan0 00000285#1130113000000000
(1588010990.911478) vcan0 00000285#1130113000000000
(1588010990.920821) vcan0 00000285#1130113000000000
(1588010990.930687) vcan0 00000285#11F811F800000000
(1588010990.942412) vcan0 00000285#12C012C000000000
(1588010990.950758) vcan0 00000285#1450145000000000
(1588010990.962073) vcan0 00000285#1518151800000000
(1588010990.970433) vcan0 00000285#1770177000000000
(1588010990.981080) vcan0 00000285#1838183800000000
(1588010990.991734) vcan0 00000285#19C819C800000000
(1588010991.002428) vcan0 00000285#19C819C800000000
(1588010991.012259) vcan0 00000285#1A901A9000000000
(1588010991.021963) vcan0 00000285#1B581B5800000000
(1588010991.031795) vcan0 00000285#1B581B5800000000
(1588010991.041945) vcan0 00000285#1B581B5800000000
(1588010991.053733) vcan0 00000285#1C201C2000000000
(1588010991.062341) vcan0 00000285#1C201C2000000000
(1588010991.073093) vcan0 00000285#1C201C2000000000
(1588010991.085756) vcan0 00000285#1CE81CE800000000
(1588010991.092872) vcan0 00000285#1DB01DB000000000
(1588010991.104201) vcan0 00000285#1E781E7800000000
(1588010991.112566) vcan0 00000285#2008200800000000
(1588010991.123903) vcan0 00000285#20D020D000000000
(1588010991.138196) vcan0 00000285#2260226000000000
(1588010991.143093) vcan0 00000285#2328232800000000
(1588010991.155275) vcan0 00000285#24B824B800000000
(1588010991.163357) vcan0 00000285#2580258000000000
(1588010991.173460) vcan0 00000285#2710271000000000
(1588010991.183651) vcan0 00000285#27D827D800000000
(1588010991.194700) vcan0 00000285#28A028A000000000
(1588010991.207892) vcan0 00000285#28A028A000000000
(1588010991.214089) vcan0 00000285#2A302A3000000000
(1588010991.224414) vcan0 00000285#2A302A3000000000
(1588010991.235137) vcan0 00000285#2AF82AF800000000
(1588010991.245434) vcan0 00000285#2BC02BC000000000
(1588010991.256048) vcan0 00000285#2C882C8800000000
(1588010991.266606) vcan0 00000285#2D502D5000000000
(1588010991.275929) vcan0 00000285#2D502D5000000000
(1588010991.285934) vcan0 00000285#2D502D5000000000
(1588010991.298241) vcan0 00000285#2E182E1800000000
(1588010991.306993) vcan0 00000285#2EE02EE000000000
(1588010991.316569) vcan0 00000285#3138313800000000
(1588010991.332686) vcan0 00000285#32C832C800000000
(1588010991.338675) vcan0 00000285#3458345800000000
(1588010991.346700) vcan0 00000285#36B036B000000000
(1588010991.357416) vcan0 00000285#3778377800000000
(1588010991.366602) vcan0 00000285#3840384000000000
(1588010991.377339) vcan0 00000285#3908390800000000
(1588010991.387944) vcan0 00000285#3908390800000000
(1588010991.396849) vcan0 00000285#3908390800000000
(1588010991.407032) vcan0 00000285#39D039D000000000
(1588010991.417125) vcan0 00000285#39D039D000000000
(1588010991.427361) vcan0 00000285#39D039D000000000
(1588010991.438126) vcan0 00000285#3A983A9800000000
(1588010991.448956) vcan0 00000285#3B603B6000000000
(1588010991.464915) vcan0 00000285#3CF03CF000000000
(1588010991.468624) vcan0 00000285#3E803E8000000000
(1588010991.483017) vcan0 00000285#4010401000000000
(1588010991.489835) vcan0 00000285#40D840D800000000
(1588010991.499337) vcan0 00000285#41A041A000000000
(1588010991.509930) vcan0 00000285#4268426800000000
(1588010991.519717) vcan0 00000285#4330433000000000
(1588010991.534614) vcan0 00000285#4330433000000000
(1588010991.539744) vcan0 00000285#4330433000000000
(1588010991.549698) vcan0 00000285#4330433000000000
(1588010991.559682) vcan0 00000285#4330433000000000
(1588010991.570828) vcan0 00000285#4330433000000000
(1588010991.579915) vcan0 00000285#4330433000000000
(1588010991.834173) vcan0 00000285#4330433000000000
(1588010991.844265) vcan0 00000285#41A041A000000000
(1588010991.854488) vcan0 00000285#3E803E8000000000
(1588010991.867760) vcan0 00000285#3B603B6000000000
(1588010991.876285) vcan0 00000285#3778377800000000
(1588010991.885429) vcan0 00000285#3458345800000000
(1588010991.895959) vcan0 00000285#3138313800000000
(1588010991.905358) vcan0 00000285#2E182E1800000000
(1588010991.916597) vcan0 00000285#2AF82AF800000000
(1588010991.925588) vcan0 00000285#27D827D800000000
(1588010991.935890) vcan0 00000285#24B824B800000000
(1588010991.946005) vcan0 00000285#2260226000000000
(1588010991.955957) vcan0 00000285#2008200800000000
(1588010991.966263) vcan0 00000285#1E781E7800000000
(1588010991.976232) vcan0 00000285#1CE81CE800000000
(1588010991.986466) vcan0 00000285#1B581B5800000000
(1588010991.998149) vcan0 00000285#1900190000000000
(1588010992.008838) vcan0 00000285#1770177000000000
(1588010992.016787) vcan0 00000285#15E015E000000000
(1588010992.027618) vcan0 00000285#1450145000000000
(1588010992.036643) vcan0 00000285#1388138800000000
(1588010992.048736) vcan0 00000285#12C012C000000000
(1588010992.057206) vcan0 00000285#11F811F800000000
(1588010992.068275) vcan0 00000285#1130113000000000
(1588010992.078871) vcan0 00000285#1130113000000000
(1588010992.087439) vcan0 00000285#1068106800000000
(1588010992.097988) vcan0 00000285#0FA00FA000000000
(1588010992.107729) vcan0 00000285#0FA00FA000000000
(1588010992.117925) vcan0 00000285#0ED80ED800000000
(1588010992.128373) vcan0 00000285#0E100E1000000000
(1588010992.138221) vcan0 00000285#0C800C8000000000
(1588010992.148327) vcan0 00000285#0AF00AF000000000
(1588010992.159384) vcan0 00000285#0960096000000000
(1588010992.169610) vcan0 00000285#07D007D000000000
(1588010992.180314) vcan0 00000285#0708070800000000
(1588010992.190415) vcan0 00000285#0640064000000000
(1588010992.202533) vcan0 00000285#0578057800000000
(1588010992.211344) vcan0 00000285#04B004B000000000
(1588010992.220265) vcan0 00000285#03E803E800000000
(1588010992.230732) vcan0 00000285#0320032000000000
(1588010992.240742) vcan0 00000285#0258025800000000
(1588010992.251046) vcan0 00000285#00C800C800000000
(1588010992.268851) vcan0 00000285#0000000000000000
(1588010992.272932) vcan0 00000285#0000000000000000
(1588010992.281309) vcan0 00000285#0000000000000000
(1588010992.291346) vcan0 00000285#0000000000000000
(1588010992.301186) vcan0 00000285#0000000000000000
(1588010992.311002) vcan0 00000285#0000000000000000
(1588010992.321297) vcan0 00000285#0000000000000000
(1588010992.335257) vcan0 00000285#0000000000000000
(1588010992.341712) vcan0 00000285#0000000000000000
(1588010992.351728) vcan0 00000285#0000000000000000
(1588010992.422879) vcan0 00000285#0000000000000000
(1588010992.433115) vcan0 00000285#0190019000000000
(1588010992.443336) vcan0 00000285#0578057800000000
(1588010992.453487) vcan0 00000285#0A280A2800000000
(1588010992.466039) vcan0 00000285#0D480D4800000000
(1588010992.473996) vcan0 00000285#0FA00FA000000000
(1588010992.483972) vcan0 00000285#11F811F800000000
(1588010992.494209) vcan0 00000285#1518151800000000
(1588010992.504211) vcan0 00000285#1770177000000000
(1588010992.515536) vcan0 00000285#19C819C800000000
(1588010992.524513) vcan0 00000285#1C201C2000000000
(1588010992.537441) vcan0 00000285#1E781E7800000000
(1588010992.548128) vcan0 00000285#20D020D000000000
(1588010992.555001) vcan0 00000285#2260226000000000
(1588010992.565993) vcan0 00000285#24B824B800000000
(1588010992.575287) vcan0 00000285#2580258000000000
(1588010992.585429) vcan0 00000285#27D827D800000000
(1588010992.601316) vcan0 00000285#28A028A000000000
(1588010992.606234) vcan0 00000285#2A302A3000000000
(1588010992.616054) vcan0 00000285#2BC02BC000000000
(1588010992.626805) vcan0 00000285#2D502D5000000000
(1588010992.636259) vcan0 00000285#2EE02EE000000000
(1588010992.646897) vcan0 00000285#2FA82FA800000000
(1588010992.656910) vcan0 00000285#3070307000000000
(1588010992.670848) vcan0 00000285#3138313800000000
(1588010992.677974) vcan0 00000285#32C832C800000000
(1588010992.687084) vcan0 00000285#3390339000000000
(1588010992.698081) vcan0 00000285#3520352000000000
(1588010992.707405) vcan0 00000285#36B036B000000000
(1588010992.717483) vcan0 00000285#3840384000000000
(1588010992.733670) vcan0 00000285#3A983A9800000000
(1588010992.737850) vcan0 00000285#3B603B6000000000
(1588010992.748254) vcan0 00000285#3CF03CF000000000
(1588010992.762616) vcan0 00000285#3DB83DB800000000
(1588010992.768249) vcan0 00000285#3E803E8000000000
(1588010992.779711) vcan0 00000285#3E803E8000000000
(1588010992.788718) vcan0 00000285#3F483F4800000000
(1588010992.802131) vcan0 00000285#40D840D800000000
(1588010992.809147) vcan0 00000285#4268426800000000
(1588010992.819060) vcan0 00000285#4588458800000000
(1588010992.829951) vcan0 00000285#47E047E000000000
(1588010992.839529) vcan0 00000285#4A384A3800000000
(1588010992.849563) vcan0 00000285#4B004B0000000000
(1588010992.859755) vcan0 00000285#4BC84BC800000000
(1588010992.870376) vcan0 00000285#4BC84BC800000000
(1588010992.880554) vcan0 00000285#4C904C9000000000
(1588010992.890371) vcan0 00000285#4C904C9000000000
(1588010992.900402) vcan0 00000285#4C904C9000000000
(1588010992.910485) vcan0 00000285#4E204E2000000000
(1588010992.920507) vcan0 00000285#4E204E2000000000
(1588010992.936204) vcan0 00000285#4E204E2000000000
(1588010992.940865) vcan0 00000285#4E204E2000000000
(1588010992.951249) vcan0 00000285#4E204E2000000000
(1588010992.961304) vcan0 00000285#4E204E2000000000
(1588010992.971335) vcan0 00000285#4E204E2000000000
(1588010993.093905) vcan0 00000285#4E204E2000000000
(1588010993.103935) vcan0 00000285#4970497000000000
(1588010993.114423) vcan0 00000285#44C044C000000000
(1588010993.124859) vcan0 00000285#41A041A000000000
(1588010993.139989) vcan0 00000285#3E803E8000000000
(1588010993.146827) vcan0 00000285#3CF03CF000000000
(1588010993.154585) vcan0 00000285#3A983A9800000000
(1588010993.165717) vcan0 00000285#3908390800000000
(1588010993.175011) vcan0 00000285#36B036B000000000
(1588010993.185456) vcan0 00000285#3458345800000000
(1588010993.196659) vcan0 00000285#3138313800000000
(1588010993.208721) vcan0 00000285#2EE02EE000000000
(1588010993.216950) vcan0 00000285#2D502D5000000000
(1588010993.226269) vcan0 00000285#2C882C8800000000
(1588010993.236602) vcan0 00000285#2BC02BC000000000
(1588010993.247787) vcan0 00000285#2BC02BC000000000
(1588010993.256335) vcan0 00000285#2AF82AF800000000
(1588010993.268324) vcan0 00000285#2AF82AF800000000
